<?xml version="1.0" encoding="UTF-8"?>
<testng-results skipped="0" failed="0" ignored="0" total="2" passed="2">
  <reporter-output>
  </reporter-output>
  <suite name="Suite" duration-ms="73527" started-at="2021-05-06T18:23:23 IST" finished-at="2021-05-06T18:24:37 IST">
    <groups>
    </groups>
    <test name="Test" duration-ms="73527" started-at="2021-05-06T18:23:23 IST" finished-at="2021-05-06T18:24:37 IST">
      <class name="ui.test.tests.reverseString">
        <test-method status="PASS" signature="windowHandle()[pri:0, instance:ui.test.tests.reverseString@3dfc5fb8]" name="windowHandle" duration-ms="37034" started-at="2021-05-06T18:24:00 IST" finished-at="2021-05-06T18:24:37 IST">
          <reporter-output>
          </reporter-output>
        </test-method> <!-- windowHandle -->
      </class> <!-- ui.test.tests.reverseString -->
      <class name="ui.test.tests.HomePageTest">
        <test-method status="PASS" signature="setUp()[pri:0, instance:ui.test.tests.HomePageTest@3cb1ffe6]" name="setUp" is-config="true" duration-ms="8215" started-at="2021-05-06T18:23:23 IST" finished-at="2021-05-06T18:23:32 IST">
          <reporter-output>
          </reporter-output>
        </test-method> <!-- setUp -->
        <test-method status="PASS" signature="verifyHomepage()[pri:0, instance:ui.test.tests.HomePageTest@3cb1ffe6]" name="verifyHomepage" duration-ms="28088" started-at="2021-05-06T18:23:32 IST" finished-at="2021-05-06T18:24:00 IST">
          <reporter-output>
          </reporter-output>
        </test-method> <!-- verifyHomepage -->
      </class> <!-- ui.test.tests.HomePageTest -->
    </test> <!-- Test -->
  </suite> <!-- Suite -->
</testng-results>
